{"level":"info","message":"::1 - - [19/Mar/2025:01:48:13 +0000] \"GET / HTTP/1.1\" 200 19 \"-\" \"PostmanRuntime/7.43.2\""}
{"level":"info","message":"::1 - - [19/Mar/2025:02:02:10 +0000] \"GET /api/guests HTTP/1.1\" 200 178 \"-\" \"PostmanRuntime/7.43.2\""}
{"level":"info","message":"::1 - - [19/Mar/2025:02:08:46 +0000] \"GET /api/guest/1 HTTP/1.1\" 200 151 \"-\" \"PostmanRuntime/7.43.2\""}
{"level":"info","message":"::1 - - [19/Mar/2025:02:08:57 +0000] \"GET /api/guest/1 HTTP/1.1\" 200 151 \"-\" \"PostmanRuntime/7.43.2\""}
{"level":"info","message":"::1 - - [19/Mar/2025:02:11:22 +0000] \"GET /api/guests HTTP/1.1\" 200 178 \"-\" \"PostmanRuntime/7.43.2\""}
{"level":"info","message":"::1 - - [19/Mar/2025:02:12:02 +0000] \"GET /api/guest/1 HTTP/1.1\" 200 178 \"-\" \"PostmanRuntime/7.43.2\""}
{"level":"info","message":"::1 - - [19/Mar/2025:02:12:07 +0000] \"GET /api/guest/1 HTTP/1.1\" 200 178 \"-\" \"PostmanRuntime/7.43.2\""}
{"level":"info","message":"::1 - - [19/Mar/2025:02:18:32 +0000] \"POST /api/guest HTTP/1.1\" 200 18 \"-\" \"PostmanRuntime/7.43.2\""}
{"level":"info","message":"::1 - - [19/Mar/2025:02:27:16 +0000] \"GET /api/guest/3 HTTP/1.1\" 401 2 \"-\" \"PostmanRuntime/7.43.2\""}
{"level":"info","message":"::1 - - [19/Mar/2025:02:27:51 +0000] \"GET /api/guest/3 HTTP/1.1\" 401 2 \"-\" \"PostmanRuntime/7.43.2\""}
{"level":"info","message":"::1 - - [19/Mar/2025:02:28:13 +0000] \"GET /api/guest/2 HTTP/1.1\" 401 170 \"-\" \"PostmanRuntime/7.43.2\""}
{"level":"info","message":"::1 - - [19/Mar/2025:02:28:32 +0000] \"GET /api/guest/2 HTTP/1.1\" 401 15 \"-\" \"PostmanRuntime/7.43.2\""}
{"level":"info","message":"::1 - - [19/Mar/2025:02:28:41 +0000] \"GET /api/guest/2 HTTP/1.1\" 401 15 \"-\" \"PostmanRuntime/7.43.2\""}
{"level":"info","message":"::1 - - [19/Mar/2025:02:29:53 +0000] \"GET /api/guest/2 HTTP/1.1\" 401 15 \"-\" \"PostmanRuntime/7.43.2\""}
{"level":"info","message":"::1 - - [19/Mar/2025:02:30:26 +0000] \"GET /api/guest/2 HTTP/1.1\" 401 15 \"-\" \"PostmanRuntime/7.43.2\""}
{"level":"info","message":"::1 - - [19/Mar/2025:02:39:28 +0000] \"GET /api/guest/2 HTTP/1.1\" 200 168 \"-\" \"PostmanRuntime/7.43.2\""}
{"level":"info","message":"::1 - - [19/Mar/2025:02:39:34 +0000] \"GET /api/guest/3 HTTP/1.1\" 404 29 \"-\" \"PostmanRuntime/7.43.2\""}
{"level":"info","message":"::1 - - [20/Mar/2025:01:41:02 +0000] \"POST /api/guests HTTP/1.1\" 404 150 \"-\" \"PostmanRuntime/7.43.2\""}
{"level":"info","message":"::1 - - [20/Mar/2025:01:41:11 +0000] \"GET /api/guests HTTP/1.1\" 200 347 \"-\" \"PostmanRuntime/7.43.2\""}
{"level":"info","message":"::1 - - [20/Mar/2025:01:41:23 +0000] \"GET /api/guest/1 HTTP/1.1\" 200 176 \"-\" \"PostmanRuntime/7.43.2\""}
{"level":"info","message":"::1 - - [20/Mar/2025:01:41:44 +0000] \"PUT /api/guest/2 HTTP/1.1\" 200 161 \"-\" \"PostmanRuntime/7.43.2\""}
{"level":"info","message":"::1 - - [20/Mar/2025:01:43:20 +0000] \"PUT /api/guest/2 HTTP/1.1\" 200 206 \"-\" \"PostmanRuntime/7.43.2\""}
{"level":"info","message":"::1 - - [20/Mar/2025:01:44:17 +0000] \"DELETE /api/guest/2 HTTP/1.1\" 404 29 \"-\" \"PostmanRuntime/7.43.2\""}
{"level":"info","message":"::1 - - [20/Mar/2025:01:44:35 +0000] \"GET /api/guest/2 HTTP/1.1\" 404 29 \"-\" \"PostmanRuntime/7.43.2\""}
{"level":"info","message":"::1 - - [20/Mar/2025:01:44:48 +0000] \"GET /api/guests HTTP/1.1\" 200 178 \"-\" \"PostmanRuntime/7.43.2\""}
{"level":"info","message":"::1 - - [20/Mar/2025:01:45:05 +0000] \"POST /api/guest HTTP/1.1\" 201 - \"-\" \"PostmanRuntime/7.43.2\""}
{"level":"info","message":"::1 - - [20/Mar/2025:01:45:14 +0000] \"GET /api/guests HTTP/1.1\" 200 348 \"-\" \"PostmanRuntime/7.43.2\""}
{"level":"info","message":"::1 - - [20/Mar/2025:01:45:33 +0000] \"PUT /api/guest/3 HTTP/1.1\" 200 198 \"-\" \"PostmanRuntime/7.43.2\""}
{"level":"info","message":"::1 - - [20/Mar/2025:01:45:41 +0000] \"GET /api/guests HTTP/1.1\" 200 340 \"-\" \"PostmanRuntime/7.43.2\""}
{"level":"info","message":"::1 - - [20/Mar/2025:01:45:47 +0000] \"GET /api/guest/3 HTTP/1.1\" 200 161 \"-\" \"PostmanRuntime/7.43.2\""}
{"level":"info","message":"::1 - - [20/Mar/2025:01:45:51 +0000] \"DELETE /api/guest/3 HTTP/1.1\" 404 29 \"-\" \"PostmanRuntime/7.43.2\""}
{"level":"info","message":"::1 - - [20/Mar/2025:01:46:28 +0000] \"POST /api/guest HTTP/1.1\" 201 - \"-\" \"PostmanRuntime/7.43.2\""}
{"level":"info","message":"::1 - - [20/Mar/2025:01:46:37 +0000] \"GET /api/guests HTTP/1.1\" 200 340 \"-\" \"PostmanRuntime/7.43.2\""}
{"level":"info","message":"::1 - - [20/Mar/2025:01:46:43 +0000] \"GET /api/guest/4 HTTP/1.1\" 200 161 \"-\" \"PostmanRuntime/7.43.2\""}
{"level":"info","message":"::1 - - [20/Mar/2025:01:46:52 +0000] \"DELETE /api/guest/4 HTTP/1.1\" 200 40 \"-\" \"PostmanRuntime/7.43.2\""}
{"level":"info","message":"::1 - - [20/Mar/2025:01:47:01 +0000] \"GET /api/guest/4 HTTP/1.1\" 404 29 \"-\" \"PostmanRuntime/7.43.2\""}
{"level":"info","message":"::1 - - [20/Mar/2025:01:47:55 +0000] \"POST /api/guest HTTP/1.1\" 201 25 \"-\" \"PostmanRuntime/7.43.2\""}
{"level":"info","message":"::1 - - [20/Mar/2025:01:48:05 +0000] \"GET /api/guest/5 HTTP/1.1\" 200 161 \"-\" \"PostmanRuntime/7.43.2\""}
{"level":"info","message":"::1 - - [20/Mar/2025:02:05:36 +0000] \"GET /api/rooms HTTP/1.1\" 200 183 \"-\" \"PostmanRuntime/7.43.2\""}
{"level":"info","message":"::1 - - [21/Mar/2025:01:30:28 +0000] \"GET /api//statistics/revenue HTTP/1.1\" 200 26 \"-\" \"PostmanRuntime/7.43.2\""}
{"level":"info","message":"::1 - - [21/Mar/2025:01:30:49 +0000] \"GET /api//statistics/occupancy HTTP/1.1\" 200 26 \"-\" \"PostmanRuntime/7.43.2\""}
{"level":"info","message":"::1 - - [21/Mar/2025:01:31:32 +0000] \"GET /api//statistics/bookings HTTP/1.1\" 200 22 \"-\" \"PostmanRuntime/7.43.2\""}
{"level":"info","message":"::1 - - [21/Mar/2025:01:39:48 +0000] \"POST /api/guest HTTP/1.1\" 201 25 \"-\" \"PostmanRuntime/7.43.2\""}
{"level":"info","message":"::1 - - [21/Mar/2025:01:40:42 +0000] \"POST /api/guest HTTP/1.1\" 201 25 \"-\" \"PostmanRuntime/7.43.2\""}
{"level":"info","message":"::1 - - [21/Mar/2025:01:41:01 +0000] \"GET /api/guests HTTP/1.1\" 200 662 \"-\" \"PostmanRuntime/7.43.2\""}
{"level":"info","message":"::1 - - [21/Mar/2025:01:41:11 +0000] \"DELETE /api/guest/8 HTTP/1.1\" 200 40 \"-\" \"PostmanRuntime/7.43.2\""}
{"level":"info","message":"::1 - - [21/Mar/2025:01:41:24 +0000] \"POST /api/guest HTTP/1.1\" 400 61 \"-\" \"PostmanRuntime/7.43.2\""}
{"level":"info","message":"::1 - - [21/Mar/2025:01:41:32 +0000] \"POST /api/guest HTTP/1.1\" 201 25 \"-\" \"PostmanRuntime/7.43.2\""}
{"level":"info","message":"::1 - - [21/Mar/2025:01:45:51 +0000] \"POST /api/guest HTTP/1.1\" 201 25 \"-\" \"PostmanRuntime/7.43.2\""}
{"level":"info","message":"::1 - - [21/Mar/2025:01:45:57 +0000] \"GET /api/guests HTTP/1.1\" 200 831 \"-\" \"PostmanRuntime/7.43.2\""}
{"level":"info","message":"::1 - - [21/Mar/2025:01:46:53 +0000] \"DELETE /api/guest/10 HTTP/1.1\" 200 40 \"-\" \"PostmanRuntime/7.43.2\""}
{"level":"info","message":"::1 - - [21/Mar/2025:01:49:28 +0000] \"POST /api/guest HTTP/1.1\" 500 33 \"-\" \"PostmanRuntime/7.43.2\""}
{"level":"info","message":"::1 - - [21/Mar/2025:01:57:20 +0000] \"POST /api/guest HTTP/1.1\" 201 215 \"-\" \"PostmanRuntime/7.43.2\""}
{"level":"info","message":"::1 - - [21/Mar/2025:01:57:41 +0000] \"GET /api/guests HTTP/1.1\" 200 847 \"-\" \"PostmanRuntime/7.43.2\""}
{"level":"info","message":"::1 - - [21/Mar/2025:01:59:18 +0000] \"POST /api/guest HTTP/1.1\" 201 232 \"-\" \"PostmanRuntime/7.43.2\""}
